<?xml version="1.0" encoding="UTF-8"?>
<testng-results ignored="0" total="2" passed="2" failed="0" skipped="0">
  <reporter-output>
    <line>
      <![CDATA[AC balance is Rs.5,00,000.00]]>
    </line>
  </reporter-output>
  <suite started-at="2022-12-18T22:01:33 IST" name="Suite" finished-at="2022-12-18T22:03:07 IST" duration-ms="93254">
    <groups>
    </groups>
    <test started-at="2022-12-18T22:01:33 IST" name="Test" finished-at="2022-12-18T22:03:07 IST" duration-ms="93254">
      <class name="neoStoxTestPackage.TestClassForFunds">
        <test-method is-config="true" signature="neoStoxLaunching()[pri:0, instance:neoStoxTestPackage.TestClassForFunds@235ecd9f]" started-at="2022-12-18T22:01:34 IST" name="neoStoxLaunching" finished-at="2022-12-18T22:02:01 IST" duration-ms="27338" status="PASS">
          <reporter-output>
          </reporter-output>
        </test-method> <!-- neoStoxLaunching -->
        <test-method is-config="true" signature="logInToNeoStox()[pri:0, instance:neoStoxTestPackage.TestClassForFunds@235ecd9f]" started-at="2022-12-18T22:02:01 IST" name="logInToNeoStox" finished-at="2022-12-18T22:02:28 IST" duration-ms="26805" status="PASS">
          <reporter-output>
          </reporter-output>
        </test-method> <!-- logInToNeoStox -->
        <test-method signature="ValidateFunds()[pri:0, instance:neoStoxTestPackage.TestClassForFunds@235ecd9f]" started-at="2022-12-18T22:02:28 IST" name="ValidateFunds" finished-at="2022-12-18T22:02:28 IST" duration-ms="115" status="PASS">
          <reporter-output>
            <line>
              <![CDATA[AC balance is Rs.5,00,000.00]]>
            </line>
          </reporter-output>
        </test-method> <!-- ValidateFunds -->
        <test-method is-config="true" signature="logOut()[pri:0, instance:neoStoxTestPackage.TestClassForFunds@235ecd9f]" started-at="2022-12-18T22:02:28 IST" name="logOut" finished-at="2022-12-18T22:02:33 IST" duration-ms="5334" status="PASS">
          <reporter-output>
          </reporter-output>
        </test-method> <!-- logOut -->
        <test-method is-config="true" signature="closeBrouser()[pri:0, instance:neoStoxTestPackage.TestClassForFunds@235ecd9f]" started-at="2022-12-18T22:02:33 IST" name="closeBrouser" finished-at="2022-12-18T22:02:34 IST" duration-ms="1298" status="PASS">
          <reporter-output>
          </reporter-output>
        </test-method> <!-- closeBrouser -->
      </class> <!-- neoStoxTestPackage.TestClassForFunds -->
      <class name="neoStoxTestPackage.TestClass">
        <test-method is-config="true" signature="neoStoxLaunching()[pri:0, instance:neoStoxTestPackage.TestClass@663c9e7a]" started-at="2022-12-18T22:02:34 IST" name="neoStoxLaunching" finished-at="2022-12-18T22:02:48 IST" duration-ms="13982" status="PASS">
          <reporter-output>
          </reporter-output>
        </test-method> <!-- neoStoxLaunching -->
        <test-method is-config="true" signature="logInToNeoStox()[pri:0, instance:neoStoxTestPackage.TestClass@663c9e7a]" started-at="2022-12-18T22:02:48 IST" name="logInToNeoStox" finished-at="2022-12-18T22:03:05 IST" duration-ms="16756" status="PASS">
          <reporter-output>
          </reporter-output>
        </test-method> <!-- logInToNeoStox -->
        <test-method signature="validateUserNametest()[pri:0, instance:neoStoxTestPackage.TestClass@663c9e7a]" started-at="2022-12-18T22:03:05 IST" name="validateUserNametest" finished-at="2022-12-18T22:03:05 IST" duration-ms="45" status="PASS">
          <reporter-output>
          </reporter-output>
        </test-method> <!-- validateUserNametest -->
        <test-method is-config="true" signature="logOut()[pri:0, instance:neoStoxTestPackage.TestClass@663c9e7a]" started-at="2022-12-18T22:03:05 IST" name="logOut" finished-at="2022-12-18T22:03:05 IST" duration-ms="220" status="PASS">
          <reporter-output>
          </reporter-output>
        </test-method> <!-- logOut -->
        <test-method is-config="true" signature="closeBrouser()[pri:0, instance:neoStoxTestPackage.TestClass@663c9e7a]" started-at="2022-12-18T22:03:05 IST" name="closeBrouser" finished-at="2022-12-18T22:03:07 IST" duration-ms="1212" status="PASS">
          <reporter-output>
          </reporter-output>
        </test-method> <!-- closeBrouser -->
      </class> <!-- neoStoxTestPackage.TestClass -->
    </test> <!-- Test -->
  </suite> <!-- Suite -->
</testng-results>
